# JRE version: Java(TM) SE Runtime Environment (8.0_60-b27) (build 1.8.0_60-b27)
# Java VM: Java HotSpot(TM) 64-Bit Server VM (25.60-b23 mixed mode windows-amd64 compressed oops)
Heap:
 PSYoungGen      total 227840K, used 157302K [0x00000000eab00000, 0x00000000f9200000, 0x0000000100000000)
  eden space 219648K, 70% used [0x00000000eab00000,0x00000000f415d8c8,0x00000000f8180000)
  from space 8192K, 40% used [0x00000000f8980000,0x00000000f8cc0040,0x00000000f9180000)
  to   space 8192K, 0% used [0x00000000f8180000,0x00000000f8180000,0x00000000f8980000)
 ParOldGen       total 38912K, used 13827K [0x00000000c0000000, 0x00000000c2600000, 0x00000000eab00000)
  object space 38912K, 35% used [0x00000000c0000000,0x00000000c0d80c20,0x00000000c2600000)
 Metaspace       used 29410K, capacity 30300K, committed 30592K, reserved 1075200K
  class space    used 3875K, capacity 4210K, committed 4224K, reserved 1048576K
GC Heap History (10 events):
Event: 10.528 GC heap before
{Heap before GC invocations=5 (full 0):
 PSYoungGen      total 68096K, used 17709K [0x00000000eab00000, 0x00000000ef000000, 0x0000000100000000)
  eden space 65536K, 23% used [0x00000000eab00000,0x00000000eb9d3520,0x00000000eeb00000)
  from space 2560K, 98% used [0x00000000eed80000,0x00000000eeff8020,0x00000000ef000000)
  to   space 2560K, 0% used [0x00000000eeb00000,0x00000000eeb00000,0x00000000eed80000)
 ParOldGen       total 44032K, used 9568K [0x00000000c0000000, 0x00000000c2b00000, 0x00000000eab00000)
  object space 44032K, 21% used [0x00000000c0000000,0x00000000c0958048,0x00000000c2b00000)
 Metaspace       used 20710K, capacity 21120K, committed 21248K, reserved 1067008K
  class space    used 2829K, capacity 2980K, committed 3072K, reserved 1048576K
Event: 10.571 GC heap after
Heap after GC invocations=5 (full 0):
 PSYoungGen      total 68096K, used 2552K [0x00000000eab00000, 0x00000000f3b00000, 0x0000000100000000)
  eden space 65536K, 0% used [0x00000000eab00000,0x00000000eab00000,0x00000000eeb00000)
  from space 2560K, 99% used [0x00000000eeb00000,0x00000000eed7e0f0,0x00000000eed80000)
  to   space 8192K, 0% used [0x00000000f3300000,0x00000000f3300000,0x00000000f3b00000)
 ParOldGen       total 44032K, used 12262K [0x00000000c0000000, 0x00000000c2b00000, 0x00000000eab00000)
  object space 44032K, 27% used [0x00000000c0000000,0x00000000c0bf9bc0,0x00000000c2b00000)
 Metaspace       used 20710K, capacity 21120K, committed 21248K, reserved 1067008K
  class space    used 2829K, capacity 2980K, committed 3072K, reserved 1048576K
}
Event: 10.571 GC heap before
{Heap before GC invocations=6 (full 1):
 PSYoungGen      total 68096K, used 2552K [0x00000000eab00000, 0x00000000f3b00000, 0x0000000100000000)
  eden space 65536K, 0% used [0x00000000eab00000,0x00000000eab00000,0x00000000eeb00000)
  from space 2560K, 99% used [0x00000000eeb00000,0x00000000eed7e0f0,0x00000000eed80000)
  to   space 8192K, 0% used [0x00000000f3300000,0x00000000f3300000,0x00000000f3b00000)
 ParOldGen       total 44032K, used 12262K [0x00000000c0000000, 0x00000000c2b00000, 0x00000000eab00000)
  object space 44032K, 27% used [0x00000000c0000000,0x00000000c0bf9bc0,0x00000000c2b00000)
 Metaspace       used 20710K, capacity 21120K, committed 21248K, reserved 1067008K
  class space    used 2829K, capacity 2980K, committed 3072K, reserved 1048576K
Event: 10.683 GC heap after
Heap after GC invocations=6 (full 1):
 PSYoungGen      total 68096K, used 0K [0x00000000eab00000, 0x00000000f3b00000, 0x0000000100000000)
  eden space 65536K, 0% used [0x00000000eab00000,0x00000000eab00000,0x00000000eeb00000)
  from space 2560K, 0% used [0x00000000eeb00000,0x00000000eeb00000,0x00000000eed80000)
  to   space 8192K, 0% used [0x00000000f3300000,0x00000000f3300000,0x00000000f3b00000)
 ParOldGen       total 38912K, used 13819K [0x00000000c0000000, 0x00000000c2600000, 0x00000000eab00000)
  object space 38912K, 35% used [0x00000000c0000000,0x00000000c0d7ec20,0x00000000c2600000)
 Metaspace       used 20710K, capacity 21120K, committed 21248K, reserved 1067008K
  class space    used 2829K, capacity 2980K, committed 3072K, reserved 1048576K
}
Event: 10.970 GC heap before
{Heap before GC invocations=7 (full 1):
 PSYoungGen      total 68096K, used 65536K [0x00000000eab00000, 0x00000000f3b00000, 0x0000000100000000)
  eden space 65536K, 100% used [0x00000000eab00000,0x00000000eeb00000,0x00000000eeb00000)
  from space 2560K, 0% used [0x00000000eeb00000,0x00000000eeb00000,0x00000000eed80000)
  to   space 8192K, 0% used [0x00000000f3300000,0x00000000f3300000,0x00000000f3b00000)
 ParOldGen       total 38912K, used 13819K [0x00000000c0000000, 0x00000000c2600000, 0x00000000eab00000)
  object space 38912K, 35% used [0x00000000c0000000,0x00000000c0d7ec20,0x00000000c2600000)
 Metaspace       used 21107K, capacity 21542K, committed 21760K, reserved 1069056K
  class space    used 2887K, capacity 3013K, committed 3072K, reserved 1048576K
Event: 10.973 GC heap after
Heap after GC invocations=7 (full 1):
 PSYoungGen      total 121856K, used 916K [0x00000000eab00000, 0x00000000f3400000, 0x0000000100000000)
  eden space 120832K, 0% used [0x00000000eab00000,0x00000000eab00000,0x00000000f2100000)
  from space 1024K, 89% used [0x00000000f3300000,0x00000000f33e5118,0x00000000f3400000)
  to   space 8704K, 0% used [0x00000000f2300000,0x00000000f2300000,0x00000000f2b80000)
 ParOldGen       total 38912K, used 13827K [0x00000000c0000000, 0x00000000c2600000, 0x00000000eab00000)
  object space 38912K, 35% used [0x00000000c0000000,0x00000000c0d80c20,0x00000000c2600000)
 Metaspace       used 21107K, capacity 21542K, committed 21760K, reserved 1069056K
  class space    used 2887K, capacity 3013K, committed 3072K, reserved 1048576K
}
Event: 11.784 GC heap before
{Heap before GC invocations=8 (full 1):
 PSYoungGen      total 121856K, used 121748K [0x00000000eab00000, 0x00000000f3400000, 0x0000000100000000)
  eden space 120832K, 100% used [0x00000000eab00000,0x00000000f2100000,0x00000000f2100000)
  from space 1024K, 89% used [0x00000000f3300000,0x00000000f33e5118,0x00000000f3400000)
  to   space 8704K, 0% used [0x00000000f2300000,0x00000000f2300000,0x00000000f2b80000)
 ParOldGen       total 38912K, used 13827K [0x00000000c0000000, 0x00000000c2600000, 0x00000000eab00000)
  object space 38912K, 35% used [0x00000000c0000000,0x00000000c0d80c20,0x00000000c2600000)
 Metaspace       used 23459K, capacity 24086K, committed 24320K, reserved 1071104K
  class space    used 3049K, capacity 3275K, committed 3328K, reserved 1048576K
Event: 11.799 GC heap after
Heap after GC invocations=8 (full 1):
 PSYoungGen      total 131584K, used 3805K [0x00000000eab00000, 0x00000000f9180000, 0x0000000100000000)
  eden space 122880K, 0% used [0x00000000eab00000,0x00000000eab00000,0x00000000f2300000)
  from space 8704K, 43% used [0x00000000f2300000,0x00000000f26b77f0,0x00000000f2b80000)
  to   space 8192K, 0% used [0x00000000f8980000,0x00000000f8980000,0x00000000f9180000)
 ParOldGen       total 38912K, used 13827K [0x00000000c0000000, 0x00000000c2600000, 0x00000000eab00000)
  object space 38912K, 35% used [0x00000000c0000000,0x00000000c0d80c20,0x00000000c2600000)
 Metaspace       used 23459K, capacity 24086K, committed 24320K, reserved 1071104K
  class space    used 3049K, capacity 3275K, committed 3328K, reserved 1048576K
}
Event: 12.205 GC heap before
{Heap before GC invocations=9 (full 1):
 PSYoungGen      total 131584K, used 126685K [0x00000000eab00000, 0x00000000f9180000, 0x0000000100000000)
  eden space 122880K, 100% used [0x00000000eab00000,0x00000000f2300000,0x00000000f2300000)
  from space 8704K, 43% used [0x00000000f2300000,0x00000000f26b77f0,0x00000000f2b80000)
  to   space 8192K, 0% used [0x00000000f8980000,0x00000000f8980000,0x00000000f9180000)
 ParOldGen       total 38912K, used 13827K [0x00000000c0000000, 0x00000000c2600000, 0x00000000eab00000)
  object space 38912K, 35% used [0x00000000c0000000,0x00000000c0d80c20,0x00000000c2600000)
 Metaspace       used 23464K, capacity 24086K, committed 24320K, reserved 1071104K
  class space    used 3050K, capacity 3275K, committed 3328K, reserved 1048576K
Event: 12.213 GC heap after
Heap after GC invocations=9 (full 1):
 PSYoungGen      total 227840K, used 3328K [0x00000000eab00000, 0x00000000f9200000, 0x0000000100000000)
  eden space 219648K, 0% used [0x00000000eab00000,0x00000000eab00000,0x00000000f8180000)
  from space 8192K, 40% used [0x00000000f8980000,0x00000000f8cc0040,0x00000000f9180000)
  to   space 8192K, 0% used [0x00000000f8180000,0x00000000f8180000,0x00000000f8980000)
 ParOldGen       total 38912K, used 13827K [0x00000000c0000000, 0x00000000c2600000, 0x00000000eab00000)
  object space 38912K, 35% used [0x00000000c0000000,0x00000000c0d80c20,0x00000000c2600000)
 Metaspace       used 23464K, capacity 24086K, committed 24320K, reserved 1071104K
  class space    used 3050K, capacity 3275K, committed 3328K, reserved 1048576K
}

